[0.218s] DEBUG:colcon:Command line arguments: ['/usr/bin/colcon', 'build']
[0.218s] DEBUG:colcon:Parsed command line arguments: Namespace(log_base=None, log_level=None, verb_name='build', build_base='build', install_base='install', merge_install=False, symlink_install=False, test_result_base=None, continue_on_error=False, executor='parallel', parallel_workers=12, event_handlers=None, ignore_user_meta=False, metas=['./colcon.meta'], base_paths=['.'], packages_ignore=None, packages_ignore_regex=None, paths=None, packages_up_to=None, packages_up_to_regex=None, packages_above=None, packages_above_and_dependencies=None, packages_above_depth=None, packages_select_by_dep=None, packages_skip_by_dep=None, packages_skip_up_to=None, packages_select_build_failed=False, packages_skip_build_finished=False, packages_select_test_failures=False, packages_skip_test_passed=False, packages_select=None, packages_skip=None, packages_select_regex=None, packages_skip_regex=None, packages_start=None, packages_end=None, allow_overriding=[], cmake_args=None, cmake_target=None, cmake_target_skip_unavailable=False, cmake_clean_cache=False, cmake_clean_first=False, cmake_force_configure=False, ament_cmake_args=None, catkin_cmake_args=None, catkin_skip_building_tests=False, mixin_files=None, mixin=None, verb_parser=<colcon_mixin.mixin.mixin_argument.MixinArgumentDecorator object at 0x7fd254aacca0>, verb_extension=<colcon_core.verb.build.BuildVerb object at 0x7fd254bc1bd0>, main=<bound method BuildVerb.main of <colcon_core.verb.build.BuildVerb object at 0x7fd254bc1bd0>>, mixin_verb=('build',))
[0.464s] Level 1:colcon.colcon_core.package_discovery:discover_packages(colcon_meta) check parameters
[0.464s] Level 1:colcon.colcon_core.package_discovery:discover_packages(recursive) check parameters
[0.464s] Level 1:colcon.colcon_core.package_discovery:discover_packages(ignore) check parameters
[0.464s] Level 1:colcon.colcon_core.package_discovery:discover_packages(path) check parameters
[0.464s] Level 1:colcon.colcon_core.package_discovery:discover_packages(colcon_meta) discover
[0.464s] Level 1:colcon.colcon_core.package_discovery:discover_packages(recursive) discover
[0.464s] INFO:colcon.colcon_core.package_discovery:Crawling recursively for packages in '/home/abithan_ubuntu/ros2_ws2/arm_bot'
[0.464s] Level 1:colcon.colcon_core.package_identification:_identify(.) by extensions ['ignore', 'ignore_ament_install']
[0.465s] Level 1:colcon.colcon_core.package_identification:_identify(.) by extension 'ignore'
[0.465s] Level 1:colcon.colcon_core.package_identification:_identify(.) by extension 'ignore_ament_install'
[0.465s] Level 1:colcon.colcon_core.package_identification:_identify(.) by extensions ['colcon_pkg']
[0.465s] Level 1:colcon.colcon_core.package_identification:_identify(.) by extension 'colcon_pkg'
[0.465s] Level 1:colcon.colcon_core.package_identification:_identify(.) by extensions ['colcon_meta']
[0.465s] Level 1:colcon.colcon_core.package_identification:_identify(.) by extension 'colcon_meta'
[0.465s] Level 1:colcon.colcon_core.package_identification:_identify(.) by extensions ['ros']
[0.465s] Level 1:colcon.colcon_core.package_identification:_identify(.) by extension 'ros'
[0.476s] Level 1:colcon.colcon_core.package_identification:_identify(.) by extensions ['cmake', 'python']
[0.476s] Level 1:colcon.colcon_core.package_identification:_identify(.) by extension 'cmake'
[0.476s] Level 1:colcon.colcon_core.package_identification:_identify(.) by extension 'python'
[0.476s] Level 1:colcon.colcon_core.package_identification:_identify(.) by extensions ['python_setup_py']
[0.476s] Level 1:colcon.colcon_core.package_identification:_identify(.) by extension 'python_setup_py'
[0.476s] Level 1:colcon.colcon_core.package_identification:_identify(build) by extensions ['ignore', 'ignore_ament_install']
[0.476s] Level 1:colcon.colcon_core.package_identification:_identify(build) by extension 'ignore'
[0.476s] Level 1:colcon.colcon_core.package_identification:_identify(build) ignored
[0.476s] Level 1:colcon.colcon_core.package_identification:_identify(install) by extensions ['ignore', 'ignore_ament_install']
[0.476s] Level 1:colcon.colcon_core.package_identification:_identify(install) by extension 'ignore'
[0.476s] Level 1:colcon.colcon_core.package_identification:_identify(install) ignored
[0.476s] Level 1:colcon.colcon_core.package_identification:_identify(log) by extensions ['ignore', 'ignore_ament_install']
[0.477s] Level 1:colcon.colcon_core.package_identification:_identify(log) by extension 'ignore'
[0.477s] Level 1:colcon.colcon_core.package_identification:_identify(log) ignored
[0.477s] Level 1:colcon.colcon_core.package_identification:_identify(src) by extensions ['ignore', 'ignore_ament_install']
[0.477s] Level 1:colcon.colcon_core.package_identification:_identify(src) by extension 'ignore'
[0.477s] Level 1:colcon.colcon_core.package_identification:_identify(src) by extension 'ignore_ament_install'
[0.477s] Level 1:colcon.colcon_core.package_identification:_identify(src) by extensions ['colcon_pkg']
[0.477s] Level 1:colcon.colcon_core.package_identification:_identify(src) by extension 'colcon_pkg'
[0.477s] Level 1:colcon.colcon_core.package_identification:_identify(src) by extensions ['colcon_meta']
[0.477s] Level 1:colcon.colcon_core.package_identification:_identify(src) by extension 'colcon_meta'
[0.477s] Level 1:colcon.colcon_core.package_identification:_identify(src) by extensions ['ros']
[0.477s] Level 1:colcon.colcon_core.package_identification:_identify(src) by extension 'ros'
[0.479s] DEBUG:colcon.colcon_core.package_identification:Package 'src' with type 'ros.ament_cmake' and name 'arm_bot'
[0.479s] Level 1:colcon.colcon_core.package_discovery:discover_packages(recursive) using defaults
[0.479s] Level 1:colcon.colcon_core.package_discovery:discover_packages(ignore) discover
[0.479s] Level 1:colcon.colcon_core.package_discovery:discover_packages(ignore) using defaults
[0.479s] Level 1:colcon.colcon_core.package_discovery:discover_packages(path) discover
[0.479s] Level 1:colcon.colcon_core.package_discovery:discover_packages(path) using defaults
[0.520s] Level 1:colcon.colcon_core.package_discovery:discover_packages(prefix_path) check parameters
[0.520s] Level 1:colcon.colcon_core.package_discovery:discover_packages(prefix_path) discover
[0.533s] DEBUG:colcon.colcon_installed_package_information.package_discovery:Found 1 installed packages in /home/abithan_ubuntu/ros2_ws2/arm_bot/install
[0.540s] DEBUG:colcon.colcon_installed_package_information.package_discovery:Found 346 installed packages in /home/abithan_ubuntu/ros2_humble/install
[0.542s] DEBUG:colcon.colcon_installed_package_information.package_discovery:Found 6 installed packages in /home/abithan_ubuntu/ros2_ws/install
[0.544s] DEBUG:colcon.colcon_installed_package_information.package_discovery:Found 218 installed packages in /opt/ros/humble
[0.550s] Level 1:colcon.colcon_core.package_discovery:discover_packages(prefix_path) using defaults
[0.597s] Level 5:colcon.colcon_core.verb:set package 'arm_bot' build argument 'cmake_args' from command line to 'None'
[0.597s] Level 5:colcon.colcon_core.verb:set package 'arm_bot' build argument 'cmake_target' from command line to 'None'
[0.597s] Level 5:colcon.colcon_core.verb:set package 'arm_bot' build argument 'cmake_target_skip_unavailable' from command line to 'False'
[0.597s] Level 5:colcon.colcon_core.verb:set package 'arm_bot' build argument 'cmake_clean_cache' from command line to 'False'
[0.597s] Level 5:colcon.colcon_core.verb:set package 'arm_bot' build argument 'cmake_clean_first' from command line to 'False'
[0.597s] Level 5:colcon.colcon_core.verb:set package 'arm_bot' build argument 'cmake_force_configure' from command line to 'False'
[0.597s] Level 5:colcon.colcon_core.verb:set package 'arm_bot' build argument 'ament_cmake_args' from command line to 'None'
[0.597s] Level 5:colcon.colcon_core.verb:set package 'arm_bot' build argument 'catkin_cmake_args' from command line to 'None'
[0.597s] Level 5:colcon.colcon_core.verb:set package 'arm_bot' build argument 'catkin_skip_building_tests' from command line to 'False'
[0.597s] DEBUG:colcon.colcon_core.verb:Building package 'arm_bot' with the following arguments: {'ament_cmake_args': None, 'build_base': '/home/abithan_ubuntu/ros2_ws2/arm_bot/build/arm_bot', 'catkin_cmake_args': None, 'catkin_skip_building_tests': False, 'cmake_args': None, 'cmake_clean_cache': False, 'cmake_clean_first': False, 'cmake_force_configure': False, 'cmake_target': None, 'cmake_target_skip_unavailable': False, 'install_base': '/home/abithan_ubuntu/ros2_ws2/arm_bot/install/arm_bot', 'merge_install': False, 'path': '/home/abithan_ubuntu/ros2_ws2/arm_bot/src', 'symlink_install': False, 'test_result_base': None}
[0.597s] INFO:colcon.colcon_core.executor:Executing jobs using 'parallel' executor
[0.598s] DEBUG:colcon.colcon_parallel_executor.executor.parallel:run_until_complete
[0.599s] INFO:colcon.colcon_ros.task.ament_cmake.build:Building ROS package in '/home/abithan_ubuntu/ros2_ws2/arm_bot/src' with build type 'ament_cmake'
[0.599s] INFO:colcon.colcon_cmake.task.cmake.build:Building CMake package in '/home/abithan_ubuntu/ros2_ws2/arm_bot/src'
[0.604s] INFO:colcon.colcon_core.plugin_system:Skipping extension 'colcon_core.shell.bat': Not used on non-Windows systems
[0.604s] INFO:colcon.colcon_core.shell:Skip shell extension 'powershell' for command environment: Not usable outside of PowerShell
[0.604s] DEBUG:colcon.colcon_core.shell:Skip shell extension 'dsv' for command environment
[0.644s] DEBUG:colcon.colcon_core.event_handler.log_command:Invoking command in '/home/abithan_ubuntu/ros2_ws2/arm_bot/build/arm_bot': CMAKE_PREFIX_PATH=${CMAKE_PREFIX_PATH}:/opt/ros/humble:/home/abithan_ubuntu/ros2_humble/install/rqt_bag_plugins:/home/abithan_ubuntu/ros2_humble/install/rqt_bag:/home/abithan_ubuntu/ros2_humble/install/launch_testing_examples:/home/abithan_ubuntu/ros2_humble/install/ros2bag:/home/abithan_ubuntu/ros2_humble/install/tracetools_test:/home/abithan_ubuntu/ros2_humble/install/tracetools_launch:/home/abithan_ubuntu/ros2_humble/install/topic_monitor:/home/abithan_ubuntu/ros2_humble/install/tf2_tools:/home/abithan_ubuntu/ros2_humble/install/examples_tf2_py:/home/abithan_ubuntu/ros2_humble/install/tf2_ros_py:/home/abithan_ubuntu/ros2_humble/install/sros2:/home/abithan_ubuntu/ros2_humble/install/rqt_topic:/home/abithan_ubuntu/ros2_humble/install/rqt_srv:/home/abithan_ubuntu/ros2_humble/install/rqt_shell:/home/abithan_ubuntu/ros2_humble/install/rqt_service_caller:/home/abithan_ubuntu/ros2_humble/install/rqt_reconfigure:/home/abithan_ubuntu/ros2_humble/install/rqt_py_console:/home/abithan_ubuntu/ros2_humble/install/rqt_publisher:/home/abithan_ubuntu/ros2_humble/install/rqt_plot:/home/abithan_ubuntu/ros2_humble/install/rqt_action:/home/abithan_ubuntu/ros2_humble/install/rqt_msg:/home/abithan_ubuntu/ros2_humble/install/rqt_console:/home/abithan_ubuntu/ros2_humble/install/rqt:/home/abithan_ubuntu/ros2_humble/install/rqt_graph:/home/abithan_ubuntu/ros2_humble/install/rqt_gui_py:/home/abithan_ubuntu/ros2_humble/install/rqt_gui:/home/abithan_ubuntu/ros2_humble/install/ros2trace:/home/abithan_ubuntu/ros2_humble/install/ros2topic:/home/abithan_ubuntu/ros2_humble/install/ros2test:/home/abithan_ubuntu/ros2_humble/install/ros2component:/home/abithan_ubuntu/ros2_humble/install/ros2param:/home/abithan_ubuntu/ros2_humble/install/ros2lifecycle:/home/abithan_ubuntu/ros2_humble/install/ros2service:/home/abithan_ubuntu/ros2_humble/install/ros2run:/home/abithan_ubuntu/ros2_humble/install/ros2launch:/home/abithan_ubuntu/ros2_humble/install/ros2pkg:/home/abithan_ubuntu/ros2_humble/install/ros2node:/home/abithan_ubuntu/ros2_humble/install/ros2multicast:/home/abithan_ubuntu/ros2_humble/install/ros2interface:/home/abithan_ubuntu/ros2_humble/install/ros2doctor:/home/abithan_ubuntu/ros2_humble/install/ros2action:/home/abithan_ubuntu/ros2_humble/install/ros2cli:/home/abithan_ubuntu/ros2_humble/install/quality_of_service_demo_py:/home/abithan_ubuntu/ros2_humble/install/lifecycle_py:/home/abithan_ubuntu/ros2_humble/install/launch_testing_ros:/home/abithan_ubuntu/ros2_humble/install/launch_ros:/home/abithan_ubuntu/ros2_humble/install/examples_rclpy_pointcloud_publisher:/home/abithan_ubuntu/ros2_humble/install/examples_rclpy_minimal_subscriber:/home/abithan_ubuntu/ros2_humble/install/examples_rclpy_minimal_service:/home/abithan_ubuntu/ros2_humble/install/examples_rclpy_minimal_publisher:/home/abithan_ubuntu/ros2_humble/install/examples_rclpy_minimal_client:/home/abithan_ubuntu/ros2_humble/install/examples_rclpy_minimal_action_server:/home/abithan_ubuntu/ros2_humble/install/examples_rclpy_minimal_action_client:/home/abithan_ubuntu/ros2_humble/install/examples_rclpy_guard_conditions:/home/abithan_ubuntu/ros2_humble/install/examples_rclpy_executors:/home/abithan_ubuntu/ros2_humble/install/demo_nodes_py:/home/abithan_ubuntu/ros2_humble/install/camera_info_manager_py:/home/abithan_ubuntu/ros2_humble/install/action_tutorials_py:/home/abithan_ubuntu/ros2_humble/install/ament_uncrustify:/home/abithan_ubuntu/ros2_humble/install/tracetools_trace:/home/abithan_ubuntu/ros2_humble/install/tracetools_read:/home/abithan_ubuntu/ros2_humble/install/test_tracetools_launch:/home/abithan_ubuntu/ros2_humble/install/test_launch_ros:/home/abithan_ubuntu/ros2_humble/install/sensor_msgs_py:/home/abithan_ubuntu/ros2_humble/install/rpyutils:/home/abithan_ubuntu/ros2_humble/install/rosidl_runtime_py:/home/abithan_ubuntu/ros2_humble/install/rosidl_cli:/home/abithan_ubuntu/ros2_humble/install/launch_pytest:/home/abithan_ubuntu/ros2_humble/install/launch_testing:/home/abithan_ubuntu/ros2_humble/install/launch_yaml:/home/abithan_ubuntu/ros2_humble/install/launch_xml:/home/abithan_ubuntu/ros2_humble/install/launch:/home/abithan_ubuntu/ros2_humble/install/osrf_pycommon:/home/abithan_ubuntu/ros2_humble/install/domain_coordinator:/home/abithan_ubuntu/ros2_humble/install/ament_xmllint:/home/abithan_ubuntu/ros2_humble/install/ament_pyflakes:/home/abithan_ubuntu/ros2_humble/install/ament_pycodestyle:/home/abithan_ubuntu/ros2_humble/install/ament_pep257:/home/abithan_ubuntu/ros2_humble/install/ament_pclint:/home/abithan_ubuntu/ros2_humble/install/ament_package:/home/abithan_ubuntu/ros2_humble/install/ament_mypy:/home/abithan_ubuntu/ros2_humble/install/ament_lint_cmake:/home/abithan_ubuntu/ros2_humble/install/ament_flake8:/home/abithan_ubuntu/ros2_humble/install/ament_copyright:/home/abithan_ubuntu/ros2_humble/install/ament_lint:/home/abithan_ubuntu/ros2_humble/install/ament_index_python:/home/abithan_ubuntu/ros2_humble/install/ament_cpplint:/home/abithan_ubuntu/ros2_humble/install/ament_cppcheck:/home/abithan_ubuntu/ros2_humble/install/ament_clang_tidy:/home/abithan_ubuntu/ros2_humble/install/ament_clang_format /usr/bin/cmake --build /home/abithan_ubuntu/ros2_ws2/arm_bot/build/arm_bot -- -j12 -l12
[0.762s] DEBUG:colcon.colcon_core.event_handler.log_command:Invoked command in '/home/abithan_ubuntu/ros2_ws2/arm_bot/build/arm_bot' returned '0': CMAKE_PREFIX_PATH=${CMAKE_PREFIX_PATH}:/opt/ros/humble:/home/abithan_ubuntu/ros2_humble/install/rqt_bag_plugins:/home/abithan_ubuntu/ros2_humble/install/rqt_bag:/home/abithan_ubuntu/ros2_humble/install/launch_testing_examples:/home/abithan_ubuntu/ros2_humble/install/ros2bag:/home/abithan_ubuntu/ros2_humble/install/tracetools_test:/home/abithan_ubuntu/ros2_humble/install/tracetools_launch:/home/abithan_ubuntu/ros2_humble/install/topic_monitor:/home/abithan_ubuntu/ros2_humble/install/tf2_tools:/home/abithan_ubuntu/ros2_humble/install/examples_tf2_py:/home/abithan_ubuntu/ros2_humble/install/tf2_ros_py:/home/abithan_ubuntu/ros2_humble/install/sros2:/home/abithan_ubuntu/ros2_humble/install/rqt_topic:/home/abithan_ubuntu/ros2_humble/install/rqt_srv:/home/abithan_ubuntu/ros2_humble/install/rqt_shell:/home/abithan_ubuntu/ros2_humble/install/rqt_service_caller:/home/abithan_ubuntu/ros2_humble/install/rqt_reconfigure:/home/abithan_ubuntu/ros2_humble/install/rqt_py_console:/home/abithan_ubuntu/ros2_humble/install/rqt_publisher:/home/abithan_ubuntu/ros2_humble/install/rqt_plot:/home/abithan_ubuntu/ros2_humble/install/rqt_action:/home/abithan_ubuntu/ros2_humble/install/rqt_msg:/home/abithan_ubuntu/ros2_humble/install/rqt_console:/home/abithan_ubuntu/ros2_humble/install/rqt:/home/abithan_ubuntu/ros2_humble/install/rqt_graph:/home/abithan_ubuntu/ros2_humble/install/rqt_gui_py:/home/abithan_ubuntu/ros2_humble/install/rqt_gui:/home/abithan_ubuntu/ros2_humble/install/ros2trace:/home/abithan_ubuntu/ros2_humble/install/ros2topic:/home/abithan_ubuntu/ros2_humble/install/ros2test:/home/abithan_ubuntu/ros2_humble/install/ros2component:/home/abithan_ubuntu/ros2_humble/install/ros2param:/home/abithan_ubuntu/ros2_humble/install/ros2lifecycle:/home/abithan_ubuntu/ros2_humble/install/ros2service:/home/abithan_ubuntu/ros2_humble/install/ros2run:/home/abithan_ubuntu/ros2_humble/install/ros2launch:/home/abithan_ubuntu/ros2_humble/install/ros2pkg:/home/abithan_ubuntu/ros2_humble/install/ros2node:/home/abithan_ubuntu/ros2_humble/install/ros2multicast:/home/abithan_ubuntu/ros2_humble/install/ros2interface:/home/abithan_ubuntu/ros2_humble/install/ros2doctor:/home/abithan_ubuntu/ros2_humble/install/ros2action:/home/abithan_ubuntu/ros2_humble/install/ros2cli:/home/abithan_ubuntu/ros2_humble/install/quality_of_service_demo_py:/home/abithan_ubuntu/ros2_humble/install/lifecycle_py:/home/abithan_ubuntu/ros2_humble/install/launch_testing_ros:/home/abithan_ubuntu/ros2_humble/install/launch_ros:/home/abithan_ubuntu/ros2_humble/install/examples_rclpy_pointcloud_publisher:/home/abithan_ubuntu/ros2_humble/install/examples_rclpy_minimal_subscriber:/home/abithan_ubuntu/ros2_humble/install/examples_rclpy_minimal_service:/home/abithan_ubuntu/ros2_humble/install/examples_rclpy_minimal_publisher:/home/abithan_ubuntu/ros2_humble/install/examples_rclpy_minimal_client:/home/abithan_ubuntu/ros2_humble/install/examples_rclpy_minimal_action_server:/home/abithan_ubuntu/ros2_humble/install/examples_rclpy_minimal_action_client:/home/abithan_ubuntu/ros2_humble/install/examples_rclpy_guard_conditions:/home/abithan_ubuntu/ros2_humble/install/examples_rclpy_executors:/home/abithan_ubuntu/ros2_humble/install/demo_nodes_py:/home/abithan_ubuntu/ros2_humble/install/camera_info_manager_py:/home/abithan_ubuntu/ros2_humble/install/action_tutorials_py:/home/abithan_ubuntu/ros2_humble/install/ament_uncrustify:/home/abithan_ubuntu/ros2_humble/install/tracetools_trace:/home/abithan_ubuntu/ros2_humble/install/tracetools_read:/home/abithan_ubuntu/ros2_humble/install/test_tracetools_launch:/home/abithan_ubuntu/ros2_humble/install/test_launch_ros:/home/abithan_ubuntu/ros2_humble/install/sensor_msgs_py:/home/abithan_ubuntu/ros2_humble/install/rpyutils:/home/abithan_ubuntu/ros2_humble/install/rosidl_runtime_py:/home/abithan_ubuntu/ros2_humble/install/rosidl_cli:/home/abithan_ubuntu/ros2_humble/install/launch_pytest:/home/abithan_ubuntu/ros2_humble/install/launch_testing:/home/abithan_ubuntu/ros2_humble/install/launch_yaml:/home/abithan_ubuntu/ros2_humble/install/launch_xml:/home/abithan_ubuntu/ros2_humble/install/launch:/home/abithan_ubuntu/ros2_humble/install/osrf_pycommon:/home/abithan_ubuntu/ros2_humble/install/domain_coordinator:/home/abithan_ubuntu/ros2_humble/install/ament_xmllint:/home/abithan_ubuntu/ros2_humble/install/ament_pyflakes:/home/abithan_ubuntu/ros2_humble/install/ament_pycodestyle:/home/abithan_ubuntu/ros2_humble/install/ament_pep257:/home/abithan_ubuntu/ros2_humble/install/ament_pclint:/home/abithan_ubuntu/ros2_humble/install/ament_package:/home/abithan_ubuntu/ros2_humble/install/ament_mypy:/home/abithan_ubuntu/ros2_humble/install/ament_lint_cmake:/home/abithan_ubuntu/ros2_humble/install/ament_flake8:/home/abithan_ubuntu/ros2_humble/install/ament_copyright:/home/abithan_ubuntu/ros2_humble/install/ament_lint:/home/abithan_ubuntu/ros2_humble/install/ament_index_python:/home/abithan_ubuntu/ros2_humble/install/ament_cpplint:/home/abithan_ubuntu/ros2_humble/install/ament_cppcheck:/home/abithan_ubuntu/ros2_humble/install/ament_clang_tidy:/home/abithan_ubuntu/ros2_humble/install/ament_clang_format /usr/bin/cmake --build /home/abithan_ubuntu/ros2_ws2/arm_bot/build/arm_bot -- -j12 -l12
[0.788s] DEBUG:colcon.colcon_core.event_handler.log_command:Invoking command in '/home/abithan_ubuntu/ros2_ws2/arm_bot/build/arm_bot': CMAKE_PREFIX_PATH=${CMAKE_PREFIX_PATH}:/opt/ros/humble:/home/abithan_ubuntu/ros2_humble/install/rqt_bag_plugins:/home/abithan_ubuntu/ros2_humble/install/rqt_bag:/home/abithan_ubuntu/ros2_humble/install/launch_testing_examples:/home/abithan_ubuntu/ros2_humble/install/ros2bag:/home/abithan_ubuntu/ros2_humble/install/tracetools_test:/home/abithan_ubuntu/ros2_humble/install/tracetools_launch:/home/abithan_ubuntu/ros2_humble/install/topic_monitor:/home/abithan_ubuntu/ros2_humble/install/tf2_tools:/home/abithan_ubuntu/ros2_humble/install/examples_tf2_py:/home/abithan_ubuntu/ros2_humble/install/tf2_ros_py:/home/abithan_ubuntu/ros2_humble/install/sros2:/home/abithan_ubuntu/ros2_humble/install/rqt_topic:/home/abithan_ubuntu/ros2_humble/install/rqt_srv:/home/abithan_ubuntu/ros2_humble/install/rqt_shell:/home/abithan_ubuntu/ros2_humble/install/rqt_service_caller:/home/abithan_ubuntu/ros2_humble/install/rqt_reconfigure:/home/abithan_ubuntu/ros2_humble/install/rqt_py_console:/home/abithan_ubuntu/ros2_humble/install/rqt_publisher:/home/abithan_ubuntu/ros2_humble/install/rqt_plot:/home/abithan_ubuntu/ros2_humble/install/rqt_action:/home/abithan_ubuntu/ros2_humble/install/rqt_msg:/home/abithan_ubuntu/ros2_humble/install/rqt_console:/home/abithan_ubuntu/ros2_humble/install/rqt:/home/abithan_ubuntu/ros2_humble/install/rqt_graph:/home/abithan_ubuntu/ros2_humble/install/rqt_gui_py:/home/abithan_ubuntu/ros2_humble/install/rqt_gui:/home/abithan_ubuntu/ros2_humble/install/ros2trace:/home/abithan_ubuntu/ros2_humble/install/ros2topic:/home/abithan_ubuntu/ros2_humble/install/ros2test:/home/abithan_ubuntu/ros2_humble/install/ros2component:/home/abithan_ubuntu/ros2_humble/install/ros2param:/home/abithan_ubuntu/ros2_humble/install/ros2lifecycle:/home/abithan_ubuntu/ros2_humble/install/ros2service:/home/abithan_ubuntu/ros2_humble/install/ros2run:/home/abithan_ubuntu/ros2_humble/install/ros2launch:/home/abithan_ubuntu/ros2_humble/install/ros2pkg:/home/abithan_ubuntu/ros2_humble/install/ros2node:/home/abithan_ubuntu/ros2_humble/install/ros2multicast:/home/abithan_ubuntu/ros2_humble/install/ros2interface:/home/abithan_ubuntu/ros2_humble/install/ros2doctor:/home/abithan_ubuntu/ros2_humble/install/ros2action:/home/abithan_ubuntu/ros2_humble/install/ros2cli:/home/abithan_ubuntu/ros2_humble/install/quality_of_service_demo_py:/home/abithan_ubuntu/ros2_humble/install/lifecycle_py:/home/abithan_ubuntu/ros2_humble/install/launch_testing_ros:/home/abithan_ubuntu/ros2_humble/install/launch_ros:/home/abithan_ubuntu/ros2_humble/install/examples_rclpy_pointcloud_publisher:/home/abithan_ubuntu/ros2_humble/install/examples_rclpy_minimal_subscriber:/home/abithan_ubuntu/ros2_humble/install/examples_rclpy_minimal_service:/home/abithan_ubuntu/ros2_humble/install/examples_rclpy_minimal_publisher:/home/abithan_ubuntu/ros2_humble/install/examples_rclpy_minimal_client:/home/abithan_ubuntu/ros2_humble/install/examples_rclpy_minimal_action_server:/home/abithan_ubuntu/ros2_humble/install/examples_rclpy_minimal_action_client:/home/abithan_ubuntu/ros2_humble/install/examples_rclpy_guard_conditions:/home/abithan_ubuntu/ros2_humble/install/examples_rclpy_executors:/home/abithan_ubuntu/ros2_humble/install/demo_nodes_py:/home/abithan_ubuntu/ros2_humble/install/camera_info_manager_py:/home/abithan_ubuntu/ros2_humble/install/action_tutorials_py:/home/abithan_ubuntu/ros2_humble/install/ament_uncrustify:/home/abithan_ubuntu/ros2_humble/install/tracetools_trace:/home/abithan_ubuntu/ros2_humble/install/tracetools_read:/home/abithan_ubuntu/ros2_humble/install/test_tracetools_launch:/home/abithan_ubuntu/ros2_humble/install/test_launch_ros:/home/abithan_ubuntu/ros2_humble/install/sensor_msgs_py:/home/abithan_ubuntu/ros2_humble/install/rpyutils:/home/abithan_ubuntu/ros2_humble/install/rosidl_runtime_py:/home/abithan_ubuntu/ros2_humble/install/rosidl_cli:/home/abithan_ubuntu/ros2_humble/install/launch_pytest:/home/abithan_ubuntu/ros2_humble/install/launch_testing:/home/abithan_ubuntu/ros2_humble/install/launch_yaml:/home/abithan_ubuntu/ros2_humble/install/launch_xml:/home/abithan_ubuntu/ros2_humble/install/launch:/home/abithan_ubuntu/ros2_humble/install/osrf_pycommon:/home/abithan_ubuntu/ros2_humble/install/domain_coordinator:/home/abithan_ubuntu/ros2_humble/install/ament_xmllint:/home/abithan_ubuntu/ros2_humble/install/ament_pyflakes:/home/abithan_ubuntu/ros2_humble/install/ament_pycodestyle:/home/abithan_ubuntu/ros2_humble/install/ament_pep257:/home/abithan_ubuntu/ros2_humble/install/ament_pclint:/home/abithan_ubuntu/ros2_humble/install/ament_package:/home/abithan_ubuntu/ros2_humble/install/ament_mypy:/home/abithan_ubuntu/ros2_humble/install/ament_lint_cmake:/home/abithan_ubuntu/ros2_humble/install/ament_flake8:/home/abithan_ubuntu/ros2_humble/install/ament_copyright:/home/abithan_ubuntu/ros2_humble/install/ament_lint:/home/abithan_ubuntu/ros2_humble/install/ament_index_python:/home/abithan_ubuntu/ros2_humble/install/ament_cpplint:/home/abithan_ubuntu/ros2_humble/install/ament_cppcheck:/home/abithan_ubuntu/ros2_humble/install/ament_clang_tidy:/home/abithan_ubuntu/ros2_humble/install/ament_clang_format /usr/bin/cmake --install /home/abithan_ubuntu/ros2_ws2/arm_bot/build/arm_bot
[0.813s] Level 1:colcon.colcon_core.environment:create_environment_scripts_only(arm_bot)
[0.814s] DEBUG:colcon.colcon_core.event_handler.log_command:Invoked command in '/home/abithan_ubuntu/ros2_ws2/arm_bot/build/arm_bot' returned '0': CMAKE_PREFIX_PATH=${CMAKE_PREFIX_PATH}:/opt/ros/humble:/home/abithan_ubuntu/ros2_humble/install/rqt_bag_plugins:/home/abithan_ubuntu/ros2_humble/install/rqt_bag:/home/abithan_ubuntu/ros2_humble/install/launch_testing_examples:/home/abithan_ubuntu/ros2_humble/install/ros2bag:/home/abithan_ubuntu/ros2_humble/install/tracetools_test:/home/abithan_ubuntu/ros2_humble/install/tracetools_launch:/home/abithan_ubuntu/ros2_humble/install/topic_monitor:/home/abithan_ubuntu/ros2_humble/install/tf2_tools:/home/abithan_ubuntu/ros2_humble/install/examples_tf2_py:/home/abithan_ubuntu/ros2_humble/install/tf2_ros_py:/home/abithan_ubuntu/ros2_humble/install/sros2:/home/abithan_ubuntu/ros2_humble/install/rqt_topic:/home/abithan_ubuntu/ros2_humble/install/rqt_srv:/home/abithan_ubuntu/ros2_humble/install/rqt_shell:/home/abithan_ubuntu/ros2_humble/install/rqt_service_caller:/home/abithan_ubuntu/ros2_humble/install/rqt_reconfigure:/home/abithan_ubuntu/ros2_humble/install/rqt_py_console:/home/abithan_ubuntu/ros2_humble/install/rqt_publisher:/home/abithan_ubuntu/ros2_humble/install/rqt_plot:/home/abithan_ubuntu/ros2_humble/install/rqt_action:/home/abithan_ubuntu/ros2_humble/install/rqt_msg:/home/abithan_ubuntu/ros2_humble/install/rqt_console:/home/abithan_ubuntu/ros2_humble/install/rqt:/home/abithan_ubuntu/ros2_humble/install/rqt_graph:/home/abithan_ubuntu/ros2_humble/install/rqt_gui_py:/home/abithan_ubuntu/ros2_humble/install/rqt_gui:/home/abithan_ubuntu/ros2_humble/install/ros2trace:/home/abithan_ubuntu/ros2_humble/install/ros2topic:/home/abithan_ubuntu/ros2_humble/install/ros2test:/home/abithan_ubuntu/ros2_humble/install/ros2component:/home/abithan_ubuntu/ros2_humble/install/ros2param:/home/abithan_ubuntu/ros2_humble/install/ros2lifecycle:/home/abithan_ubuntu/ros2_humble/install/ros2service:/home/abithan_ubuntu/ros2_humble/install/ros2run:/home/abithan_ubuntu/ros2_humble/install/ros2launch:/home/abithan_ubuntu/ros2_humble/install/ros2pkg:/home/abithan_ubuntu/ros2_humble/install/ros2node:/home/abithan_ubuntu/ros2_humble/install/ros2multicast:/home/abithan_ubuntu/ros2_humble/install/ros2interface:/home/abithan_ubuntu/ros2_humble/install/ros2doctor:/home/abithan_ubuntu/ros2_humble/install/ros2action:/home/abithan_ubuntu/ros2_humble/install/ros2cli:/home/abithan_ubuntu/ros2_humble/install/quality_of_service_demo_py:/home/abithan_ubuntu/ros2_humble/install/lifecycle_py:/home/abithan_ubuntu/ros2_humble/install/launch_testing_ros:/home/abithan_ubuntu/ros2_humble/install/launch_ros:/home/abithan_ubuntu/ros2_humble/install/examples_rclpy_pointcloud_publisher:/home/abithan_ubuntu/ros2_humble/install/examples_rclpy_minimal_subscriber:/home/abithan_ubuntu/ros2_humble/install/examples_rclpy_minimal_service:/home/abithan_ubuntu/ros2_humble/install/examples_rclpy_minimal_publisher:/home/abithan_ubuntu/ros2_humble/install/examples_rclpy_minimal_client:/home/abithan_ubuntu/ros2_humble/install/examples_rclpy_minimal_action_server:/home/abithan_ubuntu/ros2_humble/install/examples_rclpy_minimal_action_client:/home/abithan_ubuntu/ros2_humble/install/examples_rclpy_guard_conditions:/home/abithan_ubuntu/ros2_humble/install/examples_rclpy_executors:/home/abithan_ubuntu/ros2_humble/install/demo_nodes_py:/home/abithan_ubuntu/ros2_humble/install/camera_info_manager_py:/home/abithan_ubuntu/ros2_humble/install/action_tutorials_py:/home/abithan_ubuntu/ros2_humble/install/ament_uncrustify:/home/abithan_ubuntu/ros2_humble/install/tracetools_trace:/home/abithan_ubuntu/ros2_humble/install/tracetools_read:/home/abithan_ubuntu/ros2_humble/install/test_tracetools_launch:/home/abithan_ubuntu/ros2_humble/install/test_launch_ros:/home/abithan_ubuntu/ros2_humble/install/sensor_msgs_py:/home/abithan_ubuntu/ros2_humble/install/rpyutils:/home/abithan_ubuntu/ros2_humble/install/rosidl_runtime_py:/home/abithan_ubuntu/ros2_humble/install/rosidl_cli:/home/abithan_ubuntu/ros2_humble/install/launch_pytest:/home/abithan_ubuntu/ros2_humble/install/launch_testing:/home/abithan_ubuntu/ros2_humble/install/launch_yaml:/home/abithan_ubuntu/ros2_humble/install/launch_xml:/home/abithan_ubuntu/ros2_humble/install/launch:/home/abithan_ubuntu/ros2_humble/install/osrf_pycommon:/home/abithan_ubuntu/ros2_humble/install/domain_coordinator:/home/abithan_ubuntu/ros2_humble/install/ament_xmllint:/home/abithan_ubuntu/ros2_humble/install/ament_pyflakes:/home/abithan_ubuntu/ros2_humble/install/ament_pycodestyle:/home/abithan_ubuntu/ros2_humble/install/ament_pep257:/home/abithan_ubuntu/ros2_humble/install/ament_pclint:/home/abithan_ubuntu/ros2_humble/install/ament_package:/home/abithan_ubuntu/ros2_humble/install/ament_mypy:/home/abithan_ubuntu/ros2_humble/install/ament_lint_cmake:/home/abithan_ubuntu/ros2_humble/install/ament_flake8:/home/abithan_ubuntu/ros2_humble/install/ament_copyright:/home/abithan_ubuntu/ros2_humble/install/ament_lint:/home/abithan_ubuntu/ros2_humble/install/ament_index_python:/home/abithan_ubuntu/ros2_humble/install/ament_cpplint:/home/abithan_ubuntu/ros2_humble/install/ament_cppcheck:/home/abithan_ubuntu/ros2_humble/install/ament_clang_tidy:/home/abithan_ubuntu/ros2_humble/install/ament_clang_format /usr/bin/cmake --install /home/abithan_ubuntu/ros2_ws2/arm_bot/build/arm_bot
[0.819s] Level 1:colcon.colcon_core.environment:checking '/home/abithan_ubuntu/ros2_ws2/arm_bot/install/arm_bot' for CMake module files
[0.820s] Level 1:colcon.colcon_core.environment:checking '/home/abithan_ubuntu/ros2_ws2/arm_bot/install/arm_bot' for CMake config files
[0.820s] Level 1:colcon.colcon_core.shell:create_environment_hook('arm_bot', 'cmake_prefix_path')
[0.820s] INFO:colcon.colcon_core.shell:Creating environment hook '/home/abithan_ubuntu/ros2_ws2/arm_bot/install/arm_bot/share/arm_bot/hook/cmake_prefix_path.ps1'
[0.821s] INFO:colcon.colcon_core.shell:Creating environment descriptor '/home/abithan_ubuntu/ros2_ws2/arm_bot/install/arm_bot/share/arm_bot/hook/cmake_prefix_path.dsv'
[0.821s] INFO:colcon.colcon_core.shell:Creating environment hook '/home/abithan_ubuntu/ros2_ws2/arm_bot/install/arm_bot/share/arm_bot/hook/cmake_prefix_path.sh'
[0.822s] Level 1:colcon.colcon_core.environment:checking '/home/abithan_ubuntu/ros2_ws2/arm_bot/install/arm_bot/bin'
[0.822s] Level 1:colcon.colcon_core.environment:checking '/home/abithan_ubuntu/ros2_ws2/arm_bot/install/arm_bot/lib/pkgconfig/arm_bot.pc'
[0.822s] Level 1:colcon.colcon_core.environment:checking '/home/abithan_ubuntu/ros2_ws2/arm_bot/install/arm_bot/lib/python3.10/site-packages'
[0.822s] Level 1:colcon.colcon_core.environment:checking '/home/abithan_ubuntu/ros2_ws2/arm_bot/install/arm_bot/bin'
[0.823s] INFO:colcon.colcon_core.shell:Creating package script '/home/abithan_ubuntu/ros2_ws2/arm_bot/install/arm_bot/share/arm_bot/package.ps1'
[0.823s] INFO:colcon.colcon_core.shell:Creating package descriptor '/home/abithan_ubuntu/ros2_ws2/arm_bot/install/arm_bot/share/arm_bot/package.dsv'
[0.824s] INFO:colcon.colcon_core.shell:Creating package script '/home/abithan_ubuntu/ros2_ws2/arm_bot/install/arm_bot/share/arm_bot/package.sh'
[0.824s] INFO:colcon.colcon_core.shell:Creating package script '/home/abithan_ubuntu/ros2_ws2/arm_bot/install/arm_bot/share/arm_bot/package.bash'
[0.825s] INFO:colcon.colcon_core.shell:Creating package script '/home/abithan_ubuntu/ros2_ws2/arm_bot/install/arm_bot/share/arm_bot/package.zsh'
[0.826s] Level 1:colcon.colcon_core.environment:create_file_with_runtime_dependencies(/home/abithan_ubuntu/ros2_ws2/arm_bot/install/arm_bot/share/colcon-core/packages/arm_bot)
[0.827s] Level 1:colcon.colcon_core.environment:create_environment_scripts_only(arm_bot)
[0.827s] Level 1:colcon.colcon_core.environment:checking '/home/abithan_ubuntu/ros2_ws2/arm_bot/install/arm_bot' for CMake module files
[0.827s] Level 1:colcon.colcon_core.environment:checking '/home/abithan_ubuntu/ros2_ws2/arm_bot/install/arm_bot' for CMake config files
[0.828s] Level 1:colcon.colcon_core.shell:create_environment_hook('arm_bot', 'cmake_prefix_path')
[0.828s] INFO:colcon.colcon_core.shell:Creating environment hook '/home/abithan_ubuntu/ros2_ws2/arm_bot/install/arm_bot/share/arm_bot/hook/cmake_prefix_path.ps1'
[0.828s] INFO:colcon.colcon_core.shell:Creating environment descriptor '/home/abithan_ubuntu/ros2_ws2/arm_bot/install/arm_bot/share/arm_bot/hook/cmake_prefix_path.dsv'
[0.829s] INFO:colcon.colcon_core.shell:Creating environment hook '/home/abithan_ubuntu/ros2_ws2/arm_bot/install/arm_bot/share/arm_bot/hook/cmake_prefix_path.sh'
[0.829s] Level 1:colcon.colcon_core.environment:checking '/home/abithan_ubuntu/ros2_ws2/arm_bot/install/arm_bot/bin'
[0.829s] Level 1:colcon.colcon_core.environment:checking '/home/abithan_ubuntu/ros2_ws2/arm_bot/install/arm_bot/lib/pkgconfig/arm_bot.pc'
[0.830s] Level 1:colcon.colcon_core.environment:checking '/home/abithan_ubuntu/ros2_ws2/arm_bot/install/arm_bot/lib/python3.10/site-packages'
[0.830s] Level 1:colcon.colcon_core.environment:checking '/home/abithan_ubuntu/ros2_ws2/arm_bot/install/arm_bot/bin'
[0.830s] INFO:colcon.colcon_core.shell:Creating package script '/home/abithan_ubuntu/ros2_ws2/arm_bot/install/arm_bot/share/arm_bot/package.ps1'
[0.831s] INFO:colcon.colcon_core.shell:Creating package descriptor '/home/abithan_ubuntu/ros2_ws2/arm_bot/install/arm_bot/share/arm_bot/package.dsv'
[0.831s] INFO:colcon.colcon_core.shell:Creating package script '/home/abithan_ubuntu/ros2_ws2/arm_bot/install/arm_bot/share/arm_bot/package.sh'
[0.832s] INFO:colcon.colcon_core.shell:Creating package script '/home/abithan_ubuntu/ros2_ws2/arm_bot/install/arm_bot/share/arm_bot/package.bash'
[0.832s] INFO:colcon.colcon_core.shell:Creating package script '/home/abithan_ubuntu/ros2_ws2/arm_bot/install/arm_bot/share/arm_bot/package.zsh'
[0.832s] Level 1:colcon.colcon_core.environment:create_file_with_runtime_dependencies(/home/abithan_ubuntu/ros2_ws2/arm_bot/install/arm_bot/share/colcon-core/packages/arm_bot)
[0.833s] DEBUG:colcon.colcon_parallel_executor.executor.parallel:closing loop
[0.833s] DEBUG:colcon.colcon_parallel_executor.executor.parallel:loop closed
[0.833s] DEBUG:colcon.colcon_parallel_executor.executor.parallel:run_until_complete finished with '0'
[0.833s] DEBUG:colcon.colcon_core.event_reactor:joining thread
[0.845s] INFO:colcon.colcon_core.plugin_system:Skipping extension 'colcon_notification.desktop_notification.terminal_notifier': Not used on non-Darwin systems
[0.845s] INFO:colcon.colcon_core.plugin_system:Skipping extension 'colcon_notification.desktop_notification.win32': Not used on non-Windows systems
[0.845s] INFO:colcon.colcon_notification.desktop_notification:Sending desktop notification using 'notify2'
[0.857s] DEBUG:colcon.colcon_core.event_reactor:joined thread
[0.857s] INFO:colcon.colcon_core.shell:Creating prefix script '/home/abithan_ubuntu/ros2_ws2/arm_bot/install/local_setup.ps1'
[0.858s] INFO:colcon.colcon_core.shell:Creating prefix util module '/home/abithan_ubuntu/ros2_ws2/arm_bot/install/_local_setup_util_ps1.py'
[0.859s] INFO:colcon.colcon_core.shell:Creating prefix chain script '/home/abithan_ubuntu/ros2_ws2/arm_bot/install/setup.ps1'
[0.871s] INFO:colcon.colcon_core.shell:Creating prefix script '/home/abithan_ubuntu/ros2_ws2/arm_bot/install/local_setup.sh'
[0.872s] INFO:colcon.colcon_core.shell:Creating prefix util module '/home/abithan_ubuntu/ros2_ws2/arm_bot/install/_local_setup_util_sh.py'
[0.872s] INFO:colcon.colcon_core.shell:Creating prefix chain script '/home/abithan_ubuntu/ros2_ws2/arm_bot/install/setup.sh'
[0.884s] INFO:colcon.colcon_core.shell:Creating prefix script '/home/abithan_ubuntu/ros2_ws2/arm_bot/install/local_setup.bash'
[0.885s] INFO:colcon.colcon_core.shell:Creating prefix chain script '/home/abithan_ubuntu/ros2_ws2/arm_bot/install/setup.bash'
[0.897s] INFO:colcon.colcon_core.shell:Creating prefix script '/home/abithan_ubuntu/ros2_ws2/arm_bot/install/local_setup.zsh'
[0.898s] INFO:colcon.colcon_core.shell:Creating prefix chain script '/home/abithan_ubuntu/ros2_ws2/arm_bot/install/setup.zsh'
