[0.279s] DEBUG:colcon:Command line arguments: ['/usr/bin/colcon', 'list', '-p', '--base-paths', '/home/abithan_ubuntu/ros2_ws2/arm_bot', '--log-base', '/dev/null']
[0.280s] DEBUG:colcon:Parsed command line arguments: Namespace(log_base=None, log_level=None, verb_name='list', build_base='build', ignore_user_meta=False, metas=['./colcon.meta'], base_paths=['/home/abithan_ubuntu/ros2_ws2/arm_bot', '--log-base', '/dev/null'], packages_ignore=None, packages_ignore_regex=None, paths=None, packages_up_to=None, packages_up_to_regex=None, packages_above=None, packages_above_and_dependencies=None, packages_above_depth=None, packages_select_by_dep=None, packages_skip_by_dep=None, packages_skip_up_to=None, packages_select_build_failed=False, packages_skip_build_finished=False, packages_select_test_failures=False, packages_skip_test_passed=False, packages_select=None, packages_skip=None, packages_select_regex=None, packages_skip_regex=None, packages_start=None, packages_end=None, allow_overriding=[], topological_order=False, names_only=False, paths_only=True, topological_graph=False, topological_graph_dot=False, topological_graph_density=False, topological_graph_legend=False, topological_graph_dot_cluster=False, topological_graph_dot_include_skipped=False, mixin_files=None, mixin=None, verb_parser=<colcon_mixin.mixin.mixin_argument.MixinArgumentDecorator object at 0x71cbc21c5ed0>, verb_extension=<colcon_package_information.verb.list.ListVerb object at 0x71cbc21c4fd0>, main=<bound method ListVerb.main of <colcon_package_information.verb.list.ListVerb object at 0x71cbc21c4fd0>>, mixin_verb=('list',))
[0.648s] Level 1:colcon.colcon_core.package_discovery:discover_packages(colcon_meta) check parameters
[0.648s] Level 1:colcon.colcon_core.package_discovery:discover_packages(recursive) check parameters
[0.649s] Level 1:colcon.colcon_core.package_discovery:discover_packages(ignore) check parameters
[0.649s] Level 1:colcon.colcon_core.package_discovery:discover_packages(path) check parameters
[0.649s] Level 1:colcon.colcon_core.package_discovery:discover_packages(recursive) discover
[0.649s] INFO:colcon.colcon_core.package_discovery:Crawling recursively for packages in '/home/abithan_ubuntu/ros2_ws2/arm_bot', '/home/abithan_ubuntu/ros2_ws2/arm_bot/--log-base', '/dev/null'
[0.649s] Level 1:colcon.colcon_core.package_identification:_identify(/home/abithan_ubuntu/ros2_ws2/arm_bot) by extensions ['ignore', 'ignore_ament_install']
[0.649s] Level 1:colcon.colcon_core.package_identification:_identify(/home/abithan_ubuntu/ros2_ws2/arm_bot) by extension 'ignore'
[0.649s] Level 1:colcon.colcon_core.package_identification:_identify(/home/abithan_ubuntu/ros2_ws2/arm_bot) by extension 'ignore_ament_install'
[0.649s] Level 1:colcon.colcon_core.package_identification:_identify(/home/abithan_ubuntu/ros2_ws2/arm_bot) by extensions ['colcon_pkg']
[0.649s] Level 1:colcon.colcon_core.package_identification:_identify(/home/abithan_ubuntu/ros2_ws2/arm_bot) by extension 'colcon_pkg'
[0.649s] Level 1:colcon.colcon_core.package_identification:_identify(/home/abithan_ubuntu/ros2_ws2/arm_bot) by extensions ['colcon_meta']
[0.649s] Level 1:colcon.colcon_core.package_identification:_identify(/home/abithan_ubuntu/ros2_ws2/arm_bot) by extension 'colcon_meta'
[0.649s] Level 1:colcon.colcon_core.package_identification:_identify(/home/abithan_ubuntu/ros2_ws2/arm_bot) by extensions ['ros']
[0.649s] Level 1:colcon.colcon_core.package_identification:_identify(/home/abithan_ubuntu/ros2_ws2/arm_bot) by extension 'ros'
[0.664s] Level 1:colcon.colcon_core.package_identification:_identify(/home/abithan_ubuntu/ros2_ws2/arm_bot) by extensions ['cmake', 'python']
[0.664s] Level 1:colcon.colcon_core.package_identification:_identify(/home/abithan_ubuntu/ros2_ws2/arm_bot) by extension 'cmake'
[0.664s] Level 1:colcon.colcon_core.package_identification:_identify(/home/abithan_ubuntu/ros2_ws2/arm_bot) by extension 'python'
[0.664s] Level 1:colcon.colcon_core.package_identification:_identify(/home/abithan_ubuntu/ros2_ws2/arm_bot) by extensions ['python_setup_py']
[0.664s] Level 1:colcon.colcon_core.package_identification:_identify(/home/abithan_ubuntu/ros2_ws2/arm_bot) by extension 'python_setup_py'
[0.664s] Level 1:colcon.colcon_core.package_identification:_identify(/home/abithan_ubuntu/ros2_ws2/arm_bot/build) by extensions ['ignore', 'ignore_ament_install']
[0.664s] Level 1:colcon.colcon_core.package_identification:_identify(/home/abithan_ubuntu/ros2_ws2/arm_bot/build) by extension 'ignore'
[0.664s] Level 1:colcon.colcon_core.package_identification:_identify(/home/abithan_ubuntu/ros2_ws2/arm_bot/build) ignored
[0.664s] Level 1:colcon.colcon_core.package_identification:_identify(/home/abithan_ubuntu/ros2_ws2/arm_bot/install) by extensions ['ignore', 'ignore_ament_install']
[0.664s] Level 1:colcon.colcon_core.package_identification:_identify(/home/abithan_ubuntu/ros2_ws2/arm_bot/install) by extension 'ignore'
[0.665s] Level 1:colcon.colcon_core.package_identification:_identify(/home/abithan_ubuntu/ros2_ws2/arm_bot/install) ignored
[0.665s] Level 1:colcon.colcon_core.package_identification:_identify(/home/abithan_ubuntu/ros2_ws2/arm_bot/log) by extensions ['ignore', 'ignore_ament_install']
[0.665s] Level 1:colcon.colcon_core.package_identification:_identify(/home/abithan_ubuntu/ros2_ws2/arm_bot/log) by extension 'ignore'
[0.665s] Level 1:colcon.colcon_core.package_identification:_identify(/home/abithan_ubuntu/ros2_ws2/arm_bot/log) ignored
[0.665s] Level 1:colcon.colcon_core.package_identification:_identify(/home/abithan_ubuntu/ros2_ws2/arm_bot/src) by extensions ['ignore', 'ignore_ament_install']
[0.665s] Level 1:colcon.colcon_core.package_identification:_identify(/home/abithan_ubuntu/ros2_ws2/arm_bot/src) by extension 'ignore'
[0.665s] Level 1:colcon.colcon_core.package_identification:_identify(/home/abithan_ubuntu/ros2_ws2/arm_bot/src) by extension 'ignore_ament_install'
[0.665s] Level 1:colcon.colcon_core.package_identification:_identify(/home/abithan_ubuntu/ros2_ws2/arm_bot/src) by extensions ['colcon_pkg']
[0.665s] Level 1:colcon.colcon_core.package_identification:_identify(/home/abithan_ubuntu/ros2_ws2/arm_bot/src) by extension 'colcon_pkg'
[0.665s] Level 1:colcon.colcon_core.package_identification:_identify(/home/abithan_ubuntu/ros2_ws2/arm_bot/src) by extensions ['colcon_meta']
[0.665s] Level 1:colcon.colcon_core.package_identification:_identify(/home/abithan_ubuntu/ros2_ws2/arm_bot/src) by extension 'colcon_meta'
[0.665s] Level 1:colcon.colcon_core.package_identification:_identify(/home/abithan_ubuntu/ros2_ws2/arm_bot/src) by extensions ['ros']
[0.665s] Level 1:colcon.colcon_core.package_identification:_identify(/home/abithan_ubuntu/ros2_ws2/arm_bot/src) by extension 'ros'
[0.668s] DEBUG:colcon.colcon_core.package_identification:Package '/home/abithan_ubuntu/ros2_ws2/arm_bot/src' with type 'ros.ament_cmake' and name 'arm_bot'
[0.668s] Level 1:colcon.colcon_core.package_discovery:discover_packages(recursive) using defaults
