-- Install configuration: ""
-- Up-to-date: /home/abithan_ubuntu/ros2_ws2/arm_bot/install/arm_bot/share/arm_bot/config
-- Up-to-date: /home/abithan_ubuntu/ros2_ws2/arm_bot/install/arm_bot/share/arm_bot/config/empty.yaml
-- Up-to-date: /home/abithan_ubuntu/ros2_ws2/arm_bot/install/arm_bot/share/arm_bot/config/gaz_ros2_ctl_use_sim.yaml
-- Up-to-date: /home/abithan_ubuntu/ros2_ws2/arm_bot/install/arm_bot/share/arm_bot/config/main.rviz
-- Up-to-date: /home/abithan_ubuntu/ros2_ws2/arm_bot/install/arm_bot/share/arm_bot/config/gazebo_params.yaml
-- Up-to-date: /home/abithan_ubuntu/ros2_ws2/arm_bot/install/arm_bot/share/arm_bot/config/my_controllers.yaml
-- Up-to-date: /home/abithan_ubuntu/ros2_ws2/arm_bot/install/arm_bot/share/arm_bot/description
-- Installing: /home/abithan_ubuntu/ros2_ws2/arm_bot/install/arm_bot/share/arm_bot/description/robot_core.xacro
-- Up-to-date: /home/abithan_ubuntu/ros2_ws2/arm_bot/install/arm_bot/share/arm_bot/description/inertial_macros.xacro
-- Up-to-date: /home/abithan_ubuntu/ros2_ws2/arm_bot/install/arm_bot/share/arm_bot/description/ros2_control.xacro
-- Up-to-date: /home/abithan_ubuntu/ros2_ws2/arm_bot/install/arm_bot/share/arm_bot/description/gazebo_control.xacro
-- Up-to-date: /home/abithan_ubuntu/ros2_ws2/arm_bot/install/arm_bot/share/arm_bot/description/robot.urdf.xacro
-- Up-to-date: /home/abithan_ubuntu/ros2_ws2/arm_bot/install/arm_bot/share/arm_bot/launch
-- Up-to-date: /home/abithan_ubuntu/ros2_ws2/arm_bot/install/arm_bot/share/arm_bot/launch/robot_gui.launch.py
-- Up-to-date: /home/abithan_ubuntu/ros2_ws2/arm_bot/install/arm_bot/share/arm_bot/launch/__pycache__
-- Up-to-date: /home/abithan_ubuntu/ros2_ws2/arm_bot/install/arm_bot/share/arm_bot/launch/__pycache__/rsp.launch.cpython-310.pyc
-- Up-to-date: /home/abithan_ubuntu/ros2_ws2/arm_bot/install/arm_bot/share/arm_bot/worlds
-- Up-to-date: /home/abithan_ubuntu/ros2_ws2/arm_bot/install/arm_bot/share/arm_bot/worlds/empty.world
-- Up-to-date: /home/abithan_ubuntu/ros2_ws2/arm_bot/install/arm_bot/share/arm_bot/worlds/obstacles.world
-- Up-to-date: /home/abithan_ubuntu/ros2_ws2/arm_bot/install/arm_bot/share/arm_bot/meshes
-- Up-to-date: /home/abithan_ubuntu/ros2_ws2/arm_bot/install/arm_bot/share/arm_bot/meshes/puma_link2.stl
-- Up-to-date: /home/abithan_ubuntu/ros2_ws2/arm_bot/install/arm_bot/share/arm_bot/meshes/puma_link1.stl
-- Up-to-date: /home/abithan_ubuntu/ros2_ws2/arm_bot/install/arm_bot/share/arm_bot/meshes/puma_link3.stl
-- Up-to-date: /home/abithan_ubuntu/ros2_ws2/arm_bot/install/arm_bot/share/arm_bot/meshes/puma_link5.stl
-- Up-to-date: /home/abithan_ubuntu/ros2_ws2/arm_bot/install/arm_bot/share/arm_bot/meshes/puma_link7.stl
-- Up-to-date: /home/abithan_ubuntu/ros2_ws2/arm_bot/install/arm_bot/share/arm_bot/meshes/puma_link6.stl
-- Up-to-date: /home/abithan_ubuntu/ros2_ws2/arm_bot/install/arm_bot/share/arm_bot/meshes/puma_link4.stl
-- Up-to-date: /home/abithan_ubuntu/ros2_ws2/arm_bot/install/arm_bot/share/ament_index/resource_index/package_run_dependencies/arm_bot
-- Up-to-date: /home/abithan_ubuntu/ros2_ws2/arm_bot/install/arm_bot/share/ament_index/resource_index/parent_prefix_path/arm_bot
-- Up-to-date: /home/abithan_ubuntu/ros2_ws2/arm_bot/install/arm_bot/share/arm_bot/environment/ament_prefix_path.dsv
-- Up-to-date: /home/abithan_ubuntu/ros2_ws2/arm_bot/install/arm_bot/share/arm_bot/environment/path.dsv
-- Up-to-date: /home/abithan_ubuntu/ros2_ws2/arm_bot/install/arm_bot/share/arm_bot/local_setup.bash
-- Up-to-date: /home/abithan_ubuntu/ros2_ws2/arm_bot/install/arm_bot/share/arm_bot/local_setup.sh
-- Up-to-date: /home/abithan_ubuntu/ros2_ws2/arm_bot/install/arm_bot/share/arm_bot/local_setup.zsh
-- Up-to-date: /home/abithan_ubuntu/ros2_ws2/arm_bot/install/arm_bot/share/arm_bot/local_setup.dsv
-- Installing: /home/abithan_ubuntu/ros2_ws2/arm_bot/install/arm_bot/share/arm_bot/package.dsv
-- Up-to-date: /home/abithan_ubuntu/ros2_ws2/arm_bot/install/arm_bot/share/ament_index/resource_index/packages/arm_bot
-- Up-to-date: /home/abithan_ubuntu/ros2_ws2/arm_bot/install/arm_bot/share/arm_bot/cmake/arm_botConfig.cmake
-- Up-to-date: /home/abithan_ubuntu/ros2_ws2/arm_bot/install/arm_bot/share/arm_bot/cmake/arm_botConfig-version.cmake
-- Up-to-date: /home/abithan_ubuntu/ros2_ws2/arm_bot/install/arm_bot/share/arm_bot/package.xml
